<?xml version="1.0" encoding="UTF-8"?><testsuite errors="1" failures="0" name="Traductor google datadriven" skipped="0" tests="1" time="6.29" timestamp="2021-09-14 03:05:58"><testcase name="Traducir de Ingles a Español"><error message="Could not instantiate class org.openqa.selenium.chrome.ChromeDriver" type="net.thucydides.core.webdriver.UnsupportedDriverException">Could not instantiate class org.openqa.selenium.chrome.ChromeDriver</error><system-err>Could not instantiate class org.openqa.selenium.chrome.ChromeDriver&#13;
traductor_Google.tasks.OpenUp.performAs(OpenUp.java:21)&#13;
traductor_Google.stepdefinitions.GoogleTraductorStepDefinitions.queYeisonQuiereUsarElTraductorDeGoogle(GoogleTraductorStepDefinitions.java:25)&#13;
cucumber.runner.Runner.runPickle(Runner.java:80)&#13;
</system-err></testcase></testsuite>